<?xml version="1.0" encoding="UTF-8" ?>
<testsuites disabled="0" errors="0" failures="0" tests="9" time="3.405">
 <testsuite name="Backend Tests" timestamp="2024-11-21T17:06:58" hostname="localhost" time="3.405" errors="0" tests="9" skipped="0" disabled="0" failures="0">
  <testcase classname="Backend Tests" name="should register a new user" time="0.255" />
  <testcase classname="Backend Tests" name="should register joey" time="0.208" />
  <testcase classname="Backend Tests" name="should log in the user" time="0.444" />
  <testcase classname="Backend Tests" name="should create a new article" time="0.207" />
  <testcase classname="Backend Tests" name="should get all articles for the logged-in user" time="0.555" />
  <testcase classname="Backend Tests" name="should get a specific article by ID" time="0.505" />
  <testcase classname="Backend Tests" name="should get the user headline" time="0.306" />
  <testcase classname="Backend Tests" name="should update the status headline" time="0.122" />
  <testcase classname="Backend Tests" name="should log out the user" time="0.094" />
 </testsuite>
</testsuites>